[debug] [2023-08-11T11:02:50.911Z] ----------------------------------------------------------------------
[debug] [2023-08-11T11:02:50.912Z] Command:       /usr/local/bin/node /Users/sanju/Documents/GitHub/airtable-maps/node_modules/.bin/firebase init hosting
[debug] [2023-08-11T11:02:50.912Z] CLI Version:   12.4.7
[debug] [2023-08-11T11:02:50.913Z] Platform:      darwin
[debug] [2023-08-11T11:02:50.913Z] Node Version:  v16.17.1
[debug] [2023-08-11T11:02:50.913Z] Time:          Fri Aug 11 2023 16:32:50 GMT+0530 (India Standard Time)
[debug] [2023-08-11T11:02:50.913Z] ----------------------------------------------------------------------
[debug] 
[debug] [2023-08-11T11:02:50.915Z] >>> [apiv2][query] GET https://firebase-public.firebaseio.com/cli.json [none]
[debug] [2023-08-11T11:02:50.924Z] > command requires scopes: ["email","openid","https://www.googleapis.com/auth/cloudplatformprojects.readonly","https://www.googleapis.com/auth/firebase","https://www.googleapis.com/auth/cloud-platform"]
[debug] [2023-08-11T11:02:50.925Z] > authorizing via signed-in user (sanjaygoswami60@gmail.com)
[info] 
     ######## #### ########  ######## ########     ###     ######  ########
     ##        ##  ##     ## ##       ##     ##  ##   ##  ##       ##
     ######    ##  ########  ######   ########  #########  ######  ######
     ##        ##  ##    ##  ##       ##     ## ##     ##       ## ##
     ##       #### ##     ## ######## ########  ##     ##  ######  ########

You're about to initialize a Firebase project in this directory:

  /Users/sanju/Documents/GitHub/airtable-maps

[info] 
=== Project Setup
[info] 
[info] First, let's associate this project directory with a Firebase project.
[info] You can create multiple project aliases by running firebase use --add, 
[info] but for now we'll just set up a default project.
[info] 
[debug] [2023-08-11T11:02:51.776Z] <<< [apiv2][status] GET https://firebase-public.firebaseio.com/cli.json 200
[debug] [2023-08-11T11:02:51.777Z] <<< [apiv2][body] GET https://firebase-public.firebaseio.com/cli.json {"cloudBuildErrorAfter":1594252800000,"cloudBuildWarnAfter":1590019200000,"defaultNode10After":1594252800000,"minVersion":"3.0.5","node8DeploysDisabledAfter":1613390400000,"node8RuntimeDisabledAfter":1615809600000,"node8WarnAfter":1600128000000}
[debug] [2023-08-11T11:02:52.687Z] > refreshing access token with scopes: []
[debug] [2023-08-11T11:02:52.688Z] >>> [apiv2][query] POST https://www.googleapis.com/oauth2/v3/token [none]
[debug] [2023-08-11T11:02:52.688Z] >>> [apiv2][body] POST https://www.googleapis.com/oauth2/v3/token [omitted]
[debug] [2023-08-11T11:02:53.103Z] <<< [apiv2][status] POST https://www.googleapis.com/oauth2/v3/token 200
[debug] [2023-08-11T11:02:53.103Z] <<< [apiv2][body] POST https://www.googleapis.com/oauth2/v3/token [omitted]
[debug] [2023-08-11T11:02:53.122Z] >>> [apiv2][query] GET https://firebase.googleapis.com/v1beta1/projects pageSize=100
[debug] [2023-08-11T11:02:53.749Z] <<< [apiv2][status] GET https://firebase.googleapis.com/v1beta1/projects 500
[debug] [2023-08-11T11:02:53.749Z] <<< [apiv2][body] GET https://firebase.googleapis.com/v1beta1/projects [omitted]
[debug] [2023-08-11T11:02:53.750Z] HTTP Error: 500, Internal error encountered.
[debug] [2023-08-11T11:02:54.111Z] FirebaseError: HTTP Error: 500, Internal error encountered.
    at responseToError (/Users/sanju/Documents/GitHub/airtable-maps/node_modules/firebase-tools/lib/responseToError.js:49:12)
    at RetryOperation._fn (/Users/sanju/Documents/GitHub/airtable-maps/node_modules/firebase-tools/lib/apiv2.js:285:77)
    at processTicksAndRejections (node:internal/process/task_queues:96:5)
[error] 
[error] Error: Failed to list Firebase projects. See firebase-debug.log for more info.
[debug] [2023-08-11T11:03:01.013Z] ----------------------------------------------------------------------
[debug] [2023-08-11T11:03:01.014Z] Command:       /usr/local/bin/node /Users/sanju/Documents/GitHub/airtable-maps/node_modules/.bin/firebase init hosting
[debug] [2023-08-11T11:03:01.015Z] CLI Version:   12.4.7
[debug] [2023-08-11T11:03:01.015Z] Platform:      darwin
[debug] [2023-08-11T11:03:01.015Z] Node Version:  v16.17.1
[debug] [2023-08-11T11:03:01.016Z] Time:          Fri Aug 11 2023 16:33:01 GMT+0530 (India Standard Time)
[debug] [2023-08-11T11:03:01.016Z] ----------------------------------------------------------------------
[debug] 
[debug] [2023-08-11T11:03:01.019Z] > command requires scopes: ["email","openid","https://www.googleapis.com/auth/cloudplatformprojects.readonly","https://www.googleapis.com/auth/firebase","https://www.googleapis.com/auth/cloud-platform"]
[debug] [2023-08-11T11:03:01.020Z] > authorizing via signed-in user (sanjaygoswami60@gmail.com)
[info] 
     ######## #### ########  ######## ########     ###     ######  ########
     ##        ##  ##     ## ##       ##     ##  ##   ##  ##       ##
     ######    ##  ########  ######   ########  #########  ######  ######
     ##        ##  ##    ##  ##       ##     ## ##     ##       ## ##
     ##       #### ##     ## ######## ########  ##     ##  ######  ########

You're about to initialize a Firebase project in this directory:

  /Users/sanju/Documents/GitHub/airtable-maps

[info] 
=== Project Setup
[info] 
[info] First, let's associate this project directory with a Firebase project.
[info] You can create multiple project aliases by running firebase use --add, 
[info] but for now we'll just set up a default project.
[info] 
[debug] [2023-08-11T11:03:08.745Z] >>> [apiv2][query] GET https://firebase.googleapis.com/v1beta1/projects pageSize=100
[debug] [2023-08-11T11:03:09.595Z] <<< [apiv2][status] GET https://firebase.googleapis.com/v1beta1/projects 500
[debug] [2023-08-11T11:03:09.596Z] <<< [apiv2][body] GET https://firebase.googleapis.com/v1beta1/projects [omitted]
[debug] [2023-08-11T11:03:09.596Z] HTTP Error: 500, Internal error encountered.
[debug] [2023-08-11T11:03:09.889Z] FirebaseError: HTTP Error: 500, Internal error encountered.
    at responseToError (/Users/sanju/Documents/GitHub/airtable-maps/node_modules/firebase-tools/lib/responseToError.js:49:12)
    at RetryOperation._fn (/Users/sanju/Documents/GitHub/airtable-maps/node_modules/firebase-tools/lib/apiv2.js:285:77)
    at processTicksAndRejections (node:internal/process/task_queues:96:5)
[error] 
[error] Error: Failed to list Firebase projects. See firebase-debug.log for more info.
[debug] [2023-08-11T11:03:19.749Z] ----------------------------------------------------------------------
[debug] [2023-08-11T11:03:19.750Z] Command:       /usr/local/bin/node /Users/sanju/Documents/GitHub/airtable-maps/node_modules/.bin/firebase init
[debug] [2023-08-11T11:03:19.750Z] CLI Version:   12.4.7
[debug] [2023-08-11T11:03:19.750Z] Platform:      darwin
[debug] [2023-08-11T11:03:19.750Z] Node Version:  v16.17.1
[debug] [2023-08-11T11:03:19.751Z] Time:          Fri Aug 11 2023 16:33:19 GMT+0530 (India Standard Time)
[debug] [2023-08-11T11:03:19.751Z] ----------------------------------------------------------------------
[debug] 
[debug] [2023-08-11T11:03:19.753Z] > command requires scopes: ["email","openid","https://www.googleapis.com/auth/cloudplatformprojects.readonly","https://www.googleapis.com/auth/firebase","https://www.googleapis.com/auth/cloud-platform"]
[debug] [2023-08-11T11:03:19.754Z] > authorizing via signed-in user (sanjaygoswami60@gmail.com)
[info] 
     ######## #### ########  ######## ########     ###     ######  ########
     ##        ##  ##     ## ##       ##     ##  ##   ##  ##       ##
     ######    ##  ########  ######   ########  #########  ######  ######
     ##        ##  ##    ##  ##       ##     ## ##     ##       ## ##
     ##       #### ##     ## ######## ########  ##     ##  ######  ########

You're about to initialize a Firebase project in this directory:

  /Users/sanju/Documents/GitHub/airtable-maps

[info] 
=== Project Setup
[info] 
[info] First, let's associate this project directory with a Firebase project.
[info] You can create multiple project aliases by running firebase use --add, 
[info] but for now we'll just set up a default project.
[info] 
[debug] [2023-08-11T11:03:33.616Z] >>> [apiv2][query] GET https://firebase.googleapis.com/v1beta1/projects pageSize=100
[debug] [2023-08-11T11:03:34.673Z] <<< [apiv2][status] GET https://firebase.googleapis.com/v1beta1/projects 200
[debug] [2023-08-11T11:03:34.674Z] <<< [apiv2][body] GET https://firebase.googleapis.com/v1beta1/projects [omitted]
[info] i  Using project dev1-5b71c (Dev1) 
[info] 
=== Hosting Setup
[info] 
[info] Your public directory is the folder (relative to your project directory) that
[info] will contain Hosting assets to be uploaded with firebase deploy. If you
[info] have a build process for your assets, use your build's output directory.
[info] 
[info] ✔  Wrote out/404.html 
[debug] [2023-08-11T11:04:03.329Z] >>> [apiv2][query] GET https://www.gstatic.com/firebasejs/releases.json [none]
[debug] [2023-08-11T11:04:03.677Z] <<< [apiv2][status] GET https://www.gstatic.com/firebasejs/releases.json 200
[debug] [2023-08-11T11:04:03.677Z] <<< [apiv2][body] GET https://www.gstatic.com/firebasejs/releases.json {"current":{"version":"10.1.0","browserURL":"https://www.gstatic.com/firebasejs/10.1.0/firebase.js","packageURL":"https://www.gstatic.com/firebasejs/10.1.0/firebase.tgz"},"live":{"version":"10.1","browserURL":"https://www.gstatic.com/firebasejs/live/10.1/firebase.js","packageURL":"https://www.gstatic.com/firebasejs/live/10.1/firebase.tgz"},"components":{"analytics":"https://www.gstatic.com/firebasejs/10.1.0/firebase-analytics.js","app":"https://www.gstatic.com/firebasejs/10.1.0/firebase-app.js","app-check":"https://www.gstatic.com/firebasejs/10.1.0/firebase-app-check.js","auth":"https://www.gstatic.com/firebasejs/10.1.0/firebase-auth.js","auth/cordova":"https://www.gstatic.com/firebasejs/10.1.0/firebase-auth/cordova.js","functions":"https://www.gstatic.com/firebasejs/10.1.0/firebase-functions.js","firestore":"https://www.gstatic.com/firebasejs/10.1.0/firebase-firestore.js","firestore/lite":"https://www.gstatic.com/firebasejs/10.1.0/firebase-firestore/lite.js","installations":"https://www.gstatic.com/firebasejs/10.1.0/firebase-installations.js","storage":"https://www.gstatic.com/firebasejs/10.1.0/firebase-storage.js","performance":"https://www.gstatic.com/firebasejs/10.1.0/firebase-performance.js","remote-config":"https://www.gstatic.com/firebasejs/10.1.0/firebase-remote-config.js","messaging":"https://www.gstatic.com/firebasejs/10.1.0/firebase-messaging.js","messaging/sw":"https://www.gstatic.com/firebasejs/10.1.0/firebase-messaging/sw.js","database":"https://www.gstatic.com/firebasejs/10.1.0/firebase-database.js","firestore.memory":"https://www.gstatic.com/firebasejs/10.1.0/firebase-firestore.memory.js"}}
[info] ✔  Wrote out/index.html 
[info] 
[info] i  Detected a .git folder at /Users/sanju/Documents/GitHub/airtable-maps 
[info] i  Authorizing with GitHub to upload your service account to a GitHub repository's secrets store. 
[info] 
[info] Visit this URL on this device to log in:
[info] https://github.com/login/oauth/authorize?client_id=89cf50f02ac6aaed3484&state=715009661&redirect_uri=http%3A%2F%2Flocalhost%3A9005&scope=read%3Auser%20repo%20public_repo
[info] 
[info] Waiting for authentication...
[debug] [2023-08-11T11:04:05.134Z] >>> [apiv2][query] POST https://github.com/login/oauth/access_token [none]
[debug] [2023-08-11T11:04:05.135Z] >>> [apiv2][body] POST https://github.com/login/oauth/access_token [stream]
[debug] [2023-08-11T11:04:05.707Z] <<< [apiv2][status] POST https://github.com/login/oauth/access_token 200
[debug] [2023-08-11T11:04:05.707Z] <<< [apiv2][body] POST https://github.com/login/oauth/access_token {"access_token":"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","token_type":"bearer","scope":"read:user,repo"}
[debug] [2023-08-11T11:04:05.713Z] >>> [apiv2][query] GET https://api.github.com/user [none]
[debug] [2023-08-11T11:04:06.327Z] <<< [apiv2][status] GET https://api.github.com/user 200
[debug] [2023-08-11T11:04:06.327Z] <<< [apiv2][body] GET https://api.github.com/user {"login":"sadhu-sanjay","id":10679621,"node_id":"MDQ6VXNlcjEwNjc5NjIx","avatar_url":"https://avatars.githubusercontent.com/u/10679621?v=4","gravatar_id":"","url":"https://api.github.com/users/sadhu-sanjay","html_url":"https://github.com/sadhu-sanjay","followers_url":"https://api.github.com/users/sadhu-sanjay/followers","following_url":"https://api.github.com/users/sadhu-sanjay/following{/other_user}","gists_url":"https://api.github.com/users/sadhu-sanjay/gists{/gist_id}","starred_url":"https://api.github.com/users/sadhu-sanjay/starred{/owner}{/repo}","subscriptions_url":"https://api.github.com/users/sadhu-sanjay/subscriptions","organizations_url":"https://api.github.com/users/sadhu-sanjay/orgs","repos_url":"https://api.github.com/users/sadhu-sanjay/repos","events_url":"https://api.github.com/users/sadhu-sanjay/events{/privacy}","received_events_url":"https://api.github.com/users/sadhu-sanjay/received_events","type":"User","site_admin":false,"name":null,"company":null,"blog":"","location":null,"email":null,"hireable":null,"bio":null,"twitter_username":"Sanjaygoswami60","public_repos":7,"public_gists":1,"followers":2,"following":23,"created_at":"2015-01-24T03:15:15Z","updated_at":"2023-07-28T06:20:52Z","private_gists":0,"total_private_repos":3,"owned_private_repos":3,"disk_usage":21547,"collaborators":0,"two_factor_authentication":false,"plan":{"name":"free","space":976562499,"collaborators":0,"private_repos":10000}}
[info] 
[info] ✔  Success! Logged into GitHub as sadhu-sanjay 
[info] 
[debug] [2023-08-11T11:04:14.693Z] >>> [apiv2][query] GET https://api.github.com/repos/sadhu-sanjay/airtable-maps/actions/secrets/public-key type=owner
[debug] [2023-08-11T11:04:15.242Z] <<< [apiv2][status] GET https://api.github.com/repos/sadhu-sanjay/airtable-maps/actions/secrets/public-key 404
[debug] [2023-08-11T11:04:15.243Z] <<< [apiv2][body] GET https://api.github.com/repos/sadhu-sanjay/airtable-maps/actions/secrets/public-key {"message":"Not Found","documentation_url":"https://docs.github.com/rest/actions/secrets#get-a-repository-public-key"}
[info] 
[info] 
[error] ⚠  The provided authorization cannot be used with this repository. If this repository is in an organization, did you remember to grant access? 
[info] 
[info] i  Action required: Visit this URL to ensure access has been granted to the appropriate organization(s) for the Firebase CLI GitHub OAuth App: 
[info] https://github.com/settings/connections/applications/89cf50f02ac6aaed3484
[info] 
[debug] [2023-08-11T11:05:23.106Z] >>> [apiv2][query] GET https://api.github.com/repos/sadhu-sanjay/airtable-maps/actions/secrets/public-key type=owner
[debug] [2023-08-11T11:05:23.694Z] <<< [apiv2][status] GET https://api.github.com/repos/sadhu-sanjay/airtable-maps/actions/secrets/public-key 404
[debug] [2023-08-11T11:05:23.694Z] <<< [apiv2][body] GET https://api.github.com/repos/sadhu-sanjay/airtable-maps/actions/secrets/public-key {"message":"Not Found","documentation_url":"https://docs.github.com/rest/actions/secrets#get-a-repository-public-key"}
[info] 
[info] 
[error] ⚠  The provided authorization cannot be used with this repository. If this repository is in an organization, did you remember to grant access? 
[info] 
[info] i  Action required: Visit this URL to ensure access has been granted to the appropriate organization(s) for the Firebase CLI GitHub OAuth App: 
[info] https://github.com/settings/connections/applications/89cf50f02ac6aaed3484
[info] 
